                                 Started job on |	Sep 24 15:20:56
                             Started mapping on |	Sep 24 15:24:56
                                    Finished on |	Sep 24 15:31:45
       Mapping speed, Million of reads per hour |	67.65

                          Number of input reads |	7685925
                      Average input read length |	91
                                    UNIQUE READS:
                   Uniquely mapped reads number |	6801633
                        Uniquely mapped reads % |	88.49%
                          Average mapped length |	89.31
                       Number of splices: Total |	1081061
            Number of splices: Annotated (sjdb) |	1059654
                       Number of splices: GT/AG |	1069827
                       Number of splices: GC/AG |	3208
                       Number of splices: AT/AC |	172
               Number of splices: Non-canonical |	7854
                      Mismatch rate per base, % |	0.47%
                         Deletion rate per base |	0.01%
                        Deletion average length |	1.55
                        Insertion rate per base |	0.02%
                       Insertion average length |	1.38
                             MULTI-MAPPING READS:
        Number of reads mapped to multiple loci |	596795
             % of reads mapped to multiple loci |	7.76%
        Number of reads mapped to too many loci |	23235
             % of reads mapped to too many loci |	0.30%
                                  UNMAPPED READS:
  Number of reads unmapped: too many mismatches |	0
       % of reads unmapped: too many mismatches |	0.00%
            Number of reads unmapped: too short |	245031
                 % of reads unmapped: too short |	3.19%
                Number of reads unmapped: other |	19231
                     % of reads unmapped: other |	0.25%
                                  CHIMERIC READS:
                       Number of chimeric reads |	0
                            % of chimeric reads |	0.00%
